<?xml version="1.0" encoding="UTF-8"?>
<!-- Generated by org.testng.reporters.JUnitReportReporter -->
<testsuite skipped="0" hostname="LAPTOP-MUN0804A" name="com.automation.tests.ParkingCalculatorTests" tests="22" failures="0" timestamp="07 Feb 2018 05:25:28 GMT" time="310.641" errors="1">
  <testcase name="afterEachTestComplete" time="0.003" classname="com.automation.tests.ParkingCalculatorTests">
    <error type="java.lang.IllegalArgumentException" message="wrong number of arguments">
      <![CDATA[java.lang.IllegalArgumentException: wrong number of arguments
	at sun.reflect.NativeMethodAccessorImpl.invoke0(Native Method)
	at sun.reflect.NativeMethodAccessorImpl.invoke(NativeMethodAccessorImpl.java:62)
	at sun.reflect.DelegatingMethodAccessorImpl.invoke(DelegatingMethodAccessorImpl.java:43)
	at java.lang.reflect.Method.invoke(Method.java:498)
	at org.testng.internal.MethodInvocationHelper.invokeMethod(MethodInvocationHelper.java:108)
	at org.testng.internal.Invoker.invokeConfigurationMethod(Invoker.java:523)
	at org.testng.internal.Invoker.invokeConfigurations(Invoker.java:224)
	at org.testng.internal.Invoker.invokeConfigurations(Invoker.java:146)
	at org.testng.TestRunner.afterRun(TestRunner.java:958)
	at org.testng.TestRunner.run(TestRunner.java:606)
	at org.testng.SuiteRunner.runTest(SuiteRunner.java:380)
	at org.testng.SuiteRunner.runSequentially(SuiteRunner.java:375)
	at org.testng.SuiteRunner.privateRun(SuiteRunner.java:340)
	at org.testng.SuiteRunner.run(SuiteRunner.java:289)
	at org.testng.SuiteRunnerWorker.runSuite(SuiteRunnerWorker.java:52)
	at org.testng.SuiteRunnerWorker.run(SuiteRunnerWorker.java:86)
	at org.testng.TestNG.runSuitesSequentially(TestNG.java:1301)
	at org.testng.TestNG.runSuitesLocally(TestNG.java:1226)
	at org.testng.TestNG.runSuites(TestNG.java:1144)
	at org.testng.TestNG.run(TestNG.java:1115)
	at org.testng.remote.AbstractRemoteTestNG.run(AbstractRemoteTestNG.java:114)
	at org.testng.remote.RemoteTestNG.initAndRun(RemoteTestNG.java:251)
	at org.testng.remote.RemoteTestNG.main(RemoteTestNG.java:77)
]]>
    </error>
  </testcase> <!-- afterEachTestComplete -->
  <testcase name="JQueryTest" time="2.464" classname="com.automation.tests.ParkingCalculatorTests"/>
  <testcase name="selectALot" time="10.311" classname="com.automation.tests.ParkingCalculatorTests"/>
  <testcase name="selectTime" time="23.575" classname="com.automation.tests.ParkingCalculatorTests"/>
  <testcase name="leavingTime" time="23.515" classname="com.automation.tests.ParkingCalculatorTests"/>
  <testcase name="Calculate" time="5.436" classname="com.automation.tests.ParkingCalculatorTests"/>
  <testcase name="selectALot2" time="10.230" classname="com.automation.tests.ParkingCalculatorTests"/>
  <testcase name="selectTime2" time="18.409" classname="com.automation.tests.ParkingCalculatorTests"/>
  <testcase name="leavingTime2" time="23.524" classname="com.automation.tests.ParkingCalculatorTests"/>
  <testcase name="Calculate2" time="5.402" classname="com.automation.tests.ParkingCalculatorTests"/>
  <testcase name="selectALot3" time="10.219" classname="com.automation.tests.ParkingCalculatorTests"/>
  <testcase name="selectTime3" time="23.462" classname="com.automation.tests.ParkingCalculatorTests"/>
  <testcase name="leavingTime3" time="23.513" classname="com.automation.tests.ParkingCalculatorTests"/>
  <testcase name="Calculate3" time="5.453" classname="com.automation.tests.ParkingCalculatorTests"/>
  <testcase name="selectALot4" time="10.202" classname="com.automation.tests.ParkingCalculatorTests"/>
  <testcase name="selectTime4" time="23.563" classname="com.automation.tests.ParkingCalculatorTests"/>
  <testcase name="leavingTime4" time="23.492" classname="com.automation.tests.ParkingCalculatorTests"/>
  <testcase name="Calculate4" time="5.398" classname="com.automation.tests.ParkingCalculatorTests"/>
  <testcase name="selectALot5" time="10.174" classname="com.automation.tests.ParkingCalculatorTests"/>
  <testcase name="selectTime5" time="23.411" classname="com.automation.tests.ParkingCalculatorTests"/>
  <testcase name="leavingTime5" time="23.486" classname="com.automation.tests.ParkingCalculatorTests"/>
  <testcase name="Calculate5" time="5.399" classname="com.automation.tests.ParkingCalculatorTests"/>
</testsuite> <!-- com.automation.tests.ParkingCalculatorTests -->
