<?xml version="1.0" encoding="UTF-8"?>
<!-- Generated by org.testng.reporters.JUnitReportReporter -->
<testsuite skipped="0" hostname="LAPTOP-MUN0804A" name="com.automation.tests.LongTermParkingTests" tests="22" failures="0" timestamp="07 Feb 2018 05:43:24 GMT" time="311.481" errors="1">
  <testcase name="JQueryTest" time="3.879" classname="com.automation.tests.LongTermParkingTests"/>
  <testcase name="afterEachTestComplete" time="0.000" classname="com.automation.tests.LongTermParkingTests">
    <error type="java.lang.IllegalArgumentException" message="wrong number of arguments">
      <![CDATA[java.lang.IllegalArgumentException: wrong number of arguments
	at sun.reflect.NativeMethodAccessorImpl.invoke0(Native Method)
	at sun.reflect.NativeMethodAccessorImpl.invoke(NativeMethodAccessorImpl.java:62)
	at sun.reflect.DelegatingMethodAccessorImpl.invoke(DelegatingMethodAccessorImpl.java:43)
	at java.lang.reflect.Method.invoke(Method.java:498)
	at org.testng.internal.MethodInvocationHelper.invokeMethod(MethodInvocationHelper.java:108)
	at org.testng.internal.Invoker.invokeConfigurationMethod(Invoker.java:523)
	at org.testng.internal.Invoker.invokeConfigurations(Invoker.java:224)
	at org.testng.internal.Invoker.invokeConfigurations(Invoker.java:146)
	at org.testng.TestRunner.afterRun(TestRunner.java:958)
	at org.testng.TestRunner.run(TestRunner.java:606)
	at org.testng.SuiteRunner.runTest(SuiteRunner.java:380)
	at org.testng.SuiteRunner.runSequentially(SuiteRunner.java:375)
	at org.testng.SuiteRunner.privateRun(SuiteRunner.java:340)
	at org.testng.SuiteRunner.run(SuiteRunner.java:289)
	at org.testng.SuiteRunnerWorker.runSuite(SuiteRunnerWorker.java:52)
	at org.testng.SuiteRunnerWorker.run(SuiteRunnerWorker.java:86)
	at org.testng.TestNG.runSuitesSequentially(TestNG.java:1301)
	at org.testng.TestNG.runSuitesLocally(TestNG.java:1226)
	at org.testng.TestNG.runSuites(TestNG.java:1144)
	at org.testng.TestNG.run(TestNG.java:1115)
	at org.apache.maven.surefire.testng.TestNGExecutor.run(TestNGExecutor.java:135)
	at org.apache.maven.surefire.testng.TestNGDirectoryTestSuite.executeSingleClass(TestNGDirectoryTestSuite.java:112)
	at org.apache.maven.surefire.testng.TestNGDirectoryTestSuite.execute(TestNGDirectoryTestSuite.java:99)
	at org.apache.maven.surefire.testng.TestNGProvider.invoke(TestNGProvider.java:146)
	at org.apache.maven.surefire.booter.ForkedBooter.invokeProviderInSameClassLoader(ForkedBooter.java:373)
	at org.apache.maven.surefire.booter.ForkedBooter.runSuitesInProcess(ForkedBooter.java:334)
	at org.apache.maven.surefire.booter.ForkedBooter.execute(ForkedBooter.java:119)
	at org.apache.maven.surefire.booter.ForkedBooter.main(ForkedBooter.java:407)
]]>
    </error>
  </testcase> <!-- afterEachTestComplete -->
  <testcase name="selectALot" time="10.266" classname="com.automation.tests.LongTermParkingTests"/>
  <testcase name="selectTime" time="23.550" classname="com.automation.tests.LongTermParkingTests"/>
  <testcase name="leavingTime" time="23.464" classname="com.automation.tests.LongTermParkingTests"/>
  <testcase name="Calculate" time="5.406" classname="com.automation.tests.LongTermParkingTests"/>
  <testcase name="selectALot2" time="10.202" classname="com.automation.tests.LongTermParkingTests"/>
  <testcase name="selectTime2" time="18.355" classname="com.automation.tests.LongTermParkingTests"/>
  <testcase name="leavingTime2" time="23.421" classname="com.automation.tests.LongTermParkingTests"/>
  <testcase name="Calculate2" time="5.404" classname="com.automation.tests.LongTermParkingTests"/>
  <testcase name="selectALot3" time="10.186" classname="com.automation.tests.LongTermParkingTests"/>
  <testcase name="selectTime3" time="23.496" classname="com.automation.tests.LongTermParkingTests"/>
  <testcase name="leavingTime3" time="23.442" classname="com.automation.tests.LongTermParkingTests"/>
  <testcase name="Calculate3" time="5.452" classname="com.automation.tests.LongTermParkingTests"/>
  <testcase name="selectALot4" time="10.210" classname="com.automation.tests.LongTermParkingTests"/>
  <testcase name="selectTime4" time="23.416" classname="com.automation.tests.LongTermParkingTests"/>
  <testcase name="leavingTime4" time="23.438" classname="com.automation.tests.LongTermParkingTests"/>
  <testcase name="Calculate4" time="5.399" classname="com.automation.tests.LongTermParkingTests"/>
  <testcase name="selectALot5" time="10.186" classname="com.automation.tests.LongTermParkingTests"/>
  <testcase name="selectTime5" time="23.471" classname="com.automation.tests.LongTermParkingTests"/>
  <testcase name="leavingTime5" time="23.434" classname="com.automation.tests.LongTermParkingTests"/>
  <testcase name="Calculate5" time="5.404" classname="com.automation.tests.LongTermParkingTests"/>
</testsuite> <!-- com.automation.tests.LongTermParkingTests -->
