<?xml version="1.0" encoding="UTF-8"?>
<!-- Generated by org.testng.reporters.JUnitXMLReporter -->
<testsuite hostname="LAPTOP-MUN0804A" ignored="0" name="Surefire test" tests="21" failures="0" timestamp="07 Feb 2018 05:43:23 GMT" time="316.446" errors="0">
  <testcase name="@AfterTest afterEachTestComplete" time="0.0" classname="com.Zahra.Library.BasePage">
    <failure type="java.lang.IllegalArgumentException" message="wrong number of arguments">
      <![CDATA[java.lang.IllegalArgumentException: wrong number of arguments
... Removed 28 stack frames]]>
    </failure>
  </testcase> <!-- @AfterTest afterEachTestComplete -->
  <testcase name="JQueryTest" time="3.879" classname="com.Zahra.Library.BasePage"/>
  <testcase name="selectALot" time="10.266" classname="com.automation.tests.LongTermParkingTests"/>
  <testcase name="selectTime" time="23.55" classname="com.automation.tests.LongTermParkingTests"/>
  <testcase name="leavingTime" time="23.464" classname="com.automation.tests.LongTermParkingTests"/>
  <testcase name="Calculate" time="5.406" classname="com.automation.tests.LongTermParkingTests"/>
  <testcase name="selectALot2" time="10.202" classname="com.automation.tests.LongTermParkingTests"/>
  <testcase name="selectTime2" time="18.355" classname="com.automation.tests.LongTermParkingTests"/>
  <testcase name="leavingTime2" time="23.421" classname="com.automation.tests.LongTermParkingTests"/>
  <testcase name="Calculate2" time="5.404" classname="com.automation.tests.LongTermParkingTests"/>
  <testcase name="selectALot3" time="10.186" classname="com.automation.tests.LongTermParkingTests"/>
  <testcase name="selectTime3" time="23.496" classname="com.automation.tests.LongTermParkingTests"/>
  <testcase name="leavingTime3" time="23.442" classname="com.automation.tests.LongTermParkingTests"/>
  <testcase name="Calculate3" time="5.452" classname="com.automation.tests.LongTermParkingTests"/>
  <testcase name="selectALot4" time="10.21" classname="com.automation.tests.LongTermParkingTests"/>
  <testcase name="selectTime4" time="23.416" classname="com.automation.tests.LongTermParkingTests"/>
  <testcase name="leavingTime4" time="23.438" classname="com.automation.tests.LongTermParkingTests"/>
  <testcase name="Calculate4" time="5.399" classname="com.automation.tests.LongTermParkingTests"/>
  <testcase name="selectALot5" time="10.186" classname="com.automation.tests.LongTermParkingTests"/>
  <testcase name="selectTime5" time="23.471" classname="com.automation.tests.LongTermParkingTests"/>
  <testcase name="leavingTime5" time="23.434" classname="com.automation.tests.LongTermParkingTests"/>
  <testcase name="Calculate5" time="5.404" classname="com.automation.tests.LongTermParkingTests"/>
</testsuite> <!-- Surefire test -->
